# JRE version: OpenJDK Runtime Environment (17.0.10) (build 17.0.10+0-17.0.10b1087.21-11609105)
# Java VM: OpenJDK 64-Bit Server VM (17.0.10+0-17.0.10b1087.21-11609105, mixed mode, tiered, compressed oops, compressed class ptrs, g1 gc, linux-amd64)
GC Precious Log:
 CPUs: 8 total, 8 available
 Memory: 15625M
 Large Page Support: Disabled
 NUMA Support: Disabled
 Compressed Oops: Enabled (32-bit)
 Heap Region Size: 1M
 Heap Min Capacity: 8M
 Heap Initial Capacity: 246M
 Heap Max Capacity: 2G
 Pre-touch: Disabled
 Parallel Workers: 8
 Concurrent Workers: 2
 Concurrent Refinement Workers: 8
 Periodic GC: Disabled
Heap:
 garbage-first heap   total 349184K, used 243365K [0x0000000080000000, 0x0000000100000000)
  region size 1024K, 152 young (155648K), 18 survivors (18432K)
 Metaspace       used 116875K, committed 117696K, reserved 1179648K
  class space    used 16590K, committed 16960K, reserved 1048576K
GC Heap History (20 events):
Event: 8.599 GC heap before
{Heap before GC invocations=24 (full 0):
 garbage-first heap   total 119808K, used 93253K [0x0000000080000000, 0x0000000100000000)
  region size 1024K, 33 young (33792K), 2 survivors (2048K)
 Metaspace       used 74198K, committed 74752K, reserved 1114112K
  class space    used 10190K, committed 10432K, reserved 1048576K
}
Event: 8.603 GC heap after
{Heap after GC invocations=25 (full 0):
 garbage-first heap   total 119808K, used 62337K [0x0000000080000000, 0x0000000100000000)
  region size 1024K, 3 young (3072K), 3 survivors (3072K)
 Metaspace       used 74198K, committed 74752K, reserved 1114112K
  class space    used 10190K, committed 10432K, reserved 1048576K
}
Event: 8.955 GC heap before
{Heap before GC invocations=25 (full 0):
 garbage-first heap   total 119808K, used 94081K [0x0000000080000000, 0x0000000100000000)
  region size 1024K, 35 young (35840K), 3 survivors (3072K)
 Metaspace       used 76026K, committed 76608K, reserved 1179648K
  class space    used 10414K, committed 10688K, reserved 1048576K
}
Event: 8.963 GC heap after
{Heap after GC invocations=26 (full 0):
 garbage-first heap   total 209920K, used 65834K [0x0000000080000000, 0x0000000100000000)
  region size 1024K, 5 young (5120K), 5 survivors (5120K)
 Metaspace       used 76026K, committed 76608K, reserved 1179648K
  class space    used 10414K, committed 10688K, reserved 1048576K
}
Event: 9.825 GC heap before
{Heap before GC invocations=27 (full 0):
 garbage-first heap   total 209920K, used 149802K [0x0000000080000000, 0x0000000100000000)
  region size 1024K, 87 young (89088K), 5 survivors (5120K)
 Metaspace       used 81961K, committed 82560K, reserved 1179648K
  class space    used 11456K, committed 11712K, reserved 1048576K
}
Event: 9.834 GC heap after
{Heap after GC invocations=28 (full 0):
 garbage-first heap   total 209920K, used 68487K [0x0000000080000000, 0x0000000100000000)
  region size 1024K, 8 young (8192K), 8 survivors (8192K)
 Metaspace       used 81961K, committed 82560K, reserved 1179648K
  class space    used 11456K, committed 11712K, reserved 1048576K
}
Event: 9.860 GC heap before
{Heap before GC invocations=28 (full 0):
 garbage-first heap   total 209920K, used 70535K [0x0000000080000000, 0x0000000100000000)
  region size 1024K, 10 young (10240K), 8 survivors (8192K)
 Metaspace       used 82108K, committed 82688K, reserved 1179648K
  class space    used 11473K, committed 11776K, reserved 1048576K
}
Event: 9.867 GC heap after
{Heap after GC invocations=29 (full 0):
 garbage-first heap   total 209920K, used 69189K [0x0000000080000000, 0x0000000100000000)
  region size 1024K, 2 young (2048K), 2 survivors (2048K)
 Metaspace       used 82108K, committed 82688K, reserved 1179648K
  class space    used 11473K, committed 11776K, reserved 1048576K
}
Event: 11.179 GC heap before
{Heap before GC invocations=29 (full 0):
 garbage-first heap   total 209920K, used 164421K [0x0000000080000000, 0x0000000100000000)
  region size 1024K, 95 young (97280K), 2 survivors (2048K)
 Metaspace       used 90285K, committed 91008K, reserved 1179648K
  class space    used 12664K, committed 12992K, reserved 1048576K
}
Event: 11.186 GC heap after
{Heap after GC invocations=30 (full 0):
 garbage-first heap   total 209920K, used 73170K [0x0000000080000000, 0x0000000100000000)
  region size 1024K, 6 young (6144K), 6 survivors (6144K)
 Metaspace       used 90285K, committed 91008K, reserved 1179648K
  class space    used 12664K, committed 12992K, reserved 1048576K
}
Event: 12.166 GC heap before
{Heap before GC invocations=30 (full 0):
 garbage-first heap   total 209920K, used 164306K [0x0000000080000000, 0x0000000100000000)
  region size 1024K, 96 young (98304K), 6 survivors (6144K)
 Metaspace       used 93962K, committed 94656K, reserved 1179648K
  class space    used 13239K, committed 13568K, reserved 1048576K
}
Event: 12.182 GC heap after
{Heap after GC invocations=31 (full 0):
 garbage-first heap   total 209920K, used 81351K [0x0000000080000000, 0x0000000100000000)
  region size 1024K, 12 young (12288K), 12 survivors (12288K)
 Metaspace       used 93962K, committed 94656K, reserved 1179648K
  class space    used 13239K, committed 13568K, reserved 1048576K
}
Event: 12.832 GC heap before
{Heap before GC invocations=31 (full 0):
 garbage-first heap   total 209920K, used 165319K [0x0000000080000000, 0x0000000100000000)
  region size 1024K, 95 young (97280K), 12 survivors (12288K)
 Metaspace       used 94633K, committed 95360K, reserved 1179648K
  class space    used 13292K, committed 13696K, reserved 1048576K
}
Event: 12.847 GC heap after
{Heap after GC invocations=32 (full 0):
 garbage-first heap   total 209920K, used 86011K [0x0000000080000000, 0x0000000100000000)
  region size 1024K, 7 young (7168K), 7 survivors (7168K)
 Metaspace       used 94633K, committed 95360K, reserved 1179648K
  class space    used 13292K, committed 13696K, reserved 1048576K
}
Event: 13.350 GC heap before
{Heap before GC invocations=32 (full 0):
 garbage-first heap   total 209920K, used 173051K [0x0000000080000000, 0x0000000100000000)
  region size 1024K, 88 young (90112K), 7 survivors (7168K)
 Metaspace       used 96609K, committed 97344K, reserved 1179648K
  class space    used 13474K, committed 13824K, reserved 1048576K
}
Event: 13.363 GC heap after
{Heap after GC invocations=33 (full 0):
 garbage-first heap   total 209920K, used 90459K [0x0000000080000000, 0x0000000100000000)
  region size 1024K, 8 young (8192K), 8 survivors (8192K)
 Metaspace       used 96609K, committed 97344K, reserved 1179648K
  class space    used 13474K, committed 13824K, reserved 1048576K
}
Event: 13.666 GC heap before
{Heap before GC invocations=33 (full 0):
 garbage-first heap   total 209920K, used 167259K [0x0000000080000000, 0x0000000100000000)
  region size 1024K, 84 young (86016K), 8 survivors (8192K)
 Metaspace       used 97333K, committed 98112K, reserved 1179648K
  class space    used 13566K, committed 13952K, reserved 1048576K
}
Event: 13.677 GC heap after
{Heap after GC invocations=34 (full 0):
 garbage-first heap   total 349184K, used 94322K [0x0000000080000000, 0x0000000100000000)
  region size 1024K, 6 young (6144K), 6 survivors (6144K)
 Metaspace       used 97333K, committed 98112K, reserved 1179648K
  class space    used 13566K, committed 13952K, reserved 1048576K
}
Event: 15.726 GC heap before
{Heap before GC invocations=34 (full 0):
 garbage-first heap   total 349184K, used 281714K [0x0000000080000000, 0x0000000100000000)
  region size 1024K, 188 young (192512K), 6 survivors (6144K)
 Metaspace       used 108827K, committed 109568K, reserved 1179648K
  class space    used 15331K, committed 15680K, reserved 1048576K
}
Event: 15.743 GC heap after
{Heap after GC invocations=35 (full 0):
 garbage-first heap   total 349184K, used 106149K [0x0000000080000000, 0x0000000100000000)
  region size 1024K, 18 young (18432K), 18 survivors (18432K)
 Metaspace       used 108827K, committed 109568K, reserved 1179648K
  class space    used 15331K, committed 15680K, reserved 1048576K
}

