# JRE version: OpenJDK Runtime Environment (17.0.10) (build 17.0.10+0-17.0.10b1087.21-11609105)
# Java VM: OpenJDK 64-Bit Server VM (17.0.10+0-17.0.10b1087.21-11609105, mixed mode, tiered, compressed oops, compressed class ptrs, g1 gc, linux-amd64)
GC Precious Log:
 CPUs: 8 total, 8 available
 Memory: 15625M
 Large Page Support: Disabled
 NUMA Support: Disabled
 Compressed Oops: Enabled (32-bit)
 Heap Region Size: 1M
 Heap Min Capacity: 8M
 Heap Initial Capacity: 246M
 Heap Max Capacity: 2G
 Pre-touch: Disabled
 Parallel Workers: 8
 Concurrent Workers: 2
 Concurrent Refinement Workers: 8
 Periodic GC: Disabled
Heap:
 garbage-first heap   total 479232K, used 354403K [0x0000000080000000, 0x0000000100000000)
  region size 1024K, 204 young (208896K), 15 survivors (15360K)
 Metaspace       used 106257K, committed 107136K, reserved 1179648K
  class space    used 14539K, committed 14976K, reserved 1048576K
GC Heap History (20 events):
Event: 18.025 GC heap before
{Heap before GC invocations=26 (full 0):
 garbage-first heap   total 110592K, used 57367K [0x0000000080000000, 0x0000000100000000)
  region size 1024K, 5 young (5120K), 4 survivors (4096K)
 Metaspace       used 66989K, committed 67584K, reserved 1114112K
  class space    used 9173K, committed 9472K, reserved 1048576K
}
Event: 18.038 GC heap after
{Heap after GC invocations=27 (full 0):
 garbage-first heap   total 209920K, used 56707K [0x0000000080000000, 0x0000000100000000)
  region size 1024K, 1 young (1024K), 1 survivors (1024K)
 Metaspace       used 66989K, committed 67584K, reserved 1114112K
  class space    used 9173K, committed 9472K, reserved 1048576K
}
Event: 20.113 GC heap before
{Heap before GC invocations=27 (full 0):
 garbage-first heap   total 209920K, used 149891K [0x0000000080000000, 0x0000000100000000)
  region size 1024K, 87 young (89088K), 1 survivors (1024K)
 Metaspace       used 73703K, committed 74368K, reserved 1114112K
  class space    used 10107K, committed 10432K, reserved 1048576K
}
Event: 20.126 GC heap after
{Heap after GC invocations=28 (full 0):
 garbage-first heap   total 209920K, used 62942K [0x0000000080000000, 0x0000000100000000)
  region size 1024K, 7 young (7168K), 7 survivors (7168K)
 Metaspace       used 73703K, committed 74368K, reserved 1114112K
  class space    used 10107K, committed 10432K, reserved 1048576K
}
Event: 22.089 GC heap before
{Heap before GC invocations=28 (full 0):
 garbage-first heap   total 209920K, used 151006K [0x0000000080000000, 0x0000000100000000)
  region size 1024K, 92 young (94208K), 7 survivors (7168K)
 Metaspace       used 79566K, committed 80192K, reserved 1179648K
  class space    used 10970K, committed 11264K, reserved 1048576K
}
Event: 22.125 GC heap after
{Heap after GC invocations=29 (full 0):
 garbage-first heap   total 209920K, used 68202K [0x0000000080000000, 0x0000000100000000)
  region size 1024K, 11 young (11264K), 11 survivors (11264K)
 Metaspace       used 79566K, committed 80192K, reserved 1179648K
  class space    used 10970K, committed 11264K, reserved 1048576K
}
Event: 24.885 GC heap before
{Heap before GC invocations=29 (full 0):
 garbage-first heap   total 209920K, used 156266K [0x0000000080000000, 0x0000000100000000)
  region size 1024K, 97 young (99328K), 11 survivors (11264K)
 Metaspace       used 86048K, committed 86720K, reserved 1179648K
  class space    used 12035K, committed 12352K, reserved 1048576K
}
Event: 24.924 GC heap after
{Heap after GC invocations=30 (full 0):
 garbage-first heap   total 209920K, used 73048K [0x0000000080000000, 0x0000000100000000)
  region size 1024K, 10 young (10240K), 10 survivors (10240K)
 Metaspace       used 86048K, committed 86720K, reserved 1179648K
  class space    used 12035K, committed 12352K, reserved 1048576K
}
Event: 27.699 GC heap before
{Heap before GC invocations=30 (full 0):
 garbage-first heap   total 209920K, used 161112K [0x0000000080000000, 0x0000000100000000)
  region size 1024K, 97 young (99328K), 10 survivors (10240K)
 Metaspace       used 93596K, committed 94336K, reserved 1179648K
  class space    used 13209K, committed 13568K, reserved 1048576K
}
Event: 27.731 GC heap after
{Heap after GC invocations=31 (full 0):
 garbage-first heap   total 209920K, used 78802K [0x0000000080000000, 0x0000000100000000)
  region size 1024K, 11 young (11264K), 11 survivors (11264K)
 Metaspace       used 93596K, committed 94336K, reserved 1179648K
  class space    used 13209K, committed 13568K, reserved 1048576K
}
Event: 29.518 GC heap before
{Heap before GC invocations=31 (full 0):
 garbage-first heap   total 209920K, used 164818K [0x0000000080000000, 0x0000000100000000)
  region size 1024K, 96 young (98304K), 11 survivors (11264K)
 Metaspace       used 94219K, committed 94912K, reserved 1179648K
  class space    used 13248K, committed 13568K, reserved 1048576K
}
Event: 29.557 GC heap after
{Heap after GC invocations=32 (full 0):
 garbage-first heap   total 209920K, used 85078K [0x0000000080000000, 0x0000000100000000)
  region size 1024K, 12 young (12288K), 12 survivors (12288K)
 Metaspace       used 94219K, committed 94912K, reserved 1179648K
  class space    used 13248K, committed 13568K, reserved 1048576K
}
Event: 32.531 GC heap before
{Heap before GC invocations=32 (full 0):
 garbage-first heap   total 209920K, used 176214K [0x0000000080000000, 0x0000000100000000)
  region size 1024K, 92 young (94208K), 12 survivors (12288K)
 Metaspace       used 97796K, committed 98560K, reserved 1179648K
  class space    used 13595K, committed 13952K, reserved 1048576K
}
Event: 32.617 GC heap after
{Heap after GC invocations=33 (full 0):
 garbage-first heap   total 219136K, used 115563K [0x0000000080000000, 0x0000000100000000)
  region size 1024K, 12 young (12288K), 12 survivors (12288K)
 Metaspace       used 97796K, committed 98560K, reserved 1179648K
  class space    used 13595K, committed 13952K, reserved 1048576K
}
Event: 33.971 GC heap before
{Heap before GC invocations=34 (full 0):
 garbage-first heap   total 239616K, used 187243K [0x0000000080000000, 0x0000000100000000)
  region size 1024K, 58 young (59392K), 12 survivors (12288K)
 Metaspace       used 100359K, committed 101120K, reserved 1179648K
  class space    used 13891K, committed 14272K, reserved 1048576K
}
Event: 34.005 GC heap after
{Heap after GC invocations=35 (full 0):
 garbage-first heap   total 239616K, used 119163K [0x0000000080000000, 0x0000000100000000)
  region size 1024K, 5 young (5120K), 5 survivors (5120K)
 Metaspace       used 100359K, committed 101120K, reserved 1179648K
  class space    used 13891K, committed 14272K, reserved 1048576K
}
Event: 34.283 GC heap before
{Heap before GC invocations=35 (full 0):
 garbage-first heap   total 239616K, used 124283K [0x0000000080000000, 0x0000000100000000)
  region size 1024K, 11 young (11264K), 5 survivors (5120K)
 Metaspace       used 100611K, committed 101376K, reserved 1179648K
  class space    used 13925K, committed 14272K, reserved 1048576K
}
Event: 34.304 GC heap after
{Heap after GC invocations=36 (full 0):
 garbage-first heap   total 479232K, used 118003K [0x0000000080000000, 0x0000000100000000)
  region size 1024K, 2 young (2048K), 2 survivors (2048K)
 Metaspace       used 100611K, committed 101376K, reserved 1179648K
  class space    used 13925K, committed 14272K, reserved 1048576K
}
Event: 94.401 GC heap before
{Heap before GC invocations=36 (full 0):
 garbage-first heap   total 479232K, used 347379K [0x0000000080000000, 0x0000000100000000)
  region size 1024K, 227 young (232448K), 2 survivors (2048K)
 Metaspace       used 104822K, committed 105664K, reserved 1179648K
  class space    used 14468K, committed 14848K, reserved 1048576K
}
Event: 94.453 GC heap after
{Heap after GC invocations=37 (full 0):
 garbage-first heap   total 479232K, used 131171K [0x0000000080000000, 0x0000000100000000)
  region size 1024K, 15 young (15360K), 15 survivors (15360K)
 Metaspace       used 104822K, committed 105664K, reserved 1179648K
  class space    used 14468K, committed 14848K, reserved 1048576K
}

